<?xml version="1.0" encoding="UTF-8"?>
<testng-results ignored="0" total="1" passed="1" failed="0" skipped="0">
  <reporter-output>
  </reporter-output>
  <suite started-at="2025-11-13T20:12:27 IST" name="Default suite" finished-at="2025-11-13T20:12:40 IST" duration-ms="13090">
    <groups>
    </groups>
    <test started-at="2025-11-13T20:12:27 IST" name="Default test" finished-at="2025-11-13T20:12:40 IST" duration-ms="13090">
      <class name="testNG.extent">
        <test-method is-config="true" signature="setupReport()[pri:0, instance:testNG.extent@77c2494c]" started-at="2025-11-13T20:12:26 IST" name="setupReport" finished-at="2025-11-13T20:12:27 IST" duration-ms="212" status="PASS">
          <reporter-output>
          </reporter-output>
        </test-method> <!-- setupReport -->
        <test-method is-config="true" signature="setupBrowser()[pri:0, instance:testNG.extent@77c2494c]" started-at="2025-11-13T20:12:27 IST" name="setupBrowser" finished-at="2025-11-13T20:12:33 IST" duration-ms="6443" status="PASS">
          <reporter-output>
          </reporter-output>
        </test-method> <!-- setupBrowser -->
        <test-method signature="googleSearchTest()[pri:0, instance:testNG.extent@77c2494c]" started-at="2025-11-13T20:12:33 IST" name="googleSearchTest" finished-at="2025-11-13T20:12:38 IST" duration-ms="5266" status="PASS">
          <reporter-output>
          </reporter-output>
        </test-method> <!-- googleSearchTest -->
        <test-method is-config="true" signature="tearDownBrowser()[pri:0, instance:testNG.extent@77c2494c]" started-at="2025-11-13T20:12:38 IST" name="tearDownBrowser" finished-at="2025-11-13T20:12:40 IST" duration-ms="1304" status="PASS">
          <reporter-output>
          </reporter-output>
        </test-method> <!-- tearDownBrowser -->
        <test-method is-config="true" signature="flushReport()[pri:0, instance:testNG.extent@77c2494c]" started-at="2025-11-13T20:12:40 IST" name="flushReport" finished-at="2025-11-13T20:12:40 IST" duration-ms="524" status="PASS">
          <reporter-output>
          </reporter-output>
        </test-method> <!-- flushReport -->
      </class> <!-- testNG.extent -->
    </test> <!-- Default test -->
  </suite> <!-- Default suite -->
</testng-results>
