<?xml version="1.0" encoding="UTF-8"?>
<!-- Generated by org.testng.reporters.JUnitReportReporter -->
<testsuite hostname="sruthy" failures="0" tests="3" name="utilities.datadriven_test" time="61.972" errors="0" timestamp="2025-11-12T13:09:48 IST" skipped="0">
  <testcase classname="utilities.datadriven_test" name="loginTest" time="21.270"/>
  <testcase classname="utilities.datadriven_test" name="loginTest" time="19.179"/>
  <testcase classname="utilities.datadriven_test" name="loginTest" time="21.523"/>
</testsuite> <!-- utilities.datadriven_test -->
